<?xml version="1.0" encoding="UTF-8"?>
<testng-results ignored="0" total="1" passed="1" failed="0" skipped="0">
  <reporter-output>
    <line>
      <![CDATA[Demo Executing]]>
    </line>
  </reporter-output>
  <suite started-at="2023-12-19T12:52:27 IST" name="Default suite" finished-at="2023-12-19T12:52:27 IST" duration-ms="68">
    <groups>
    </groups>
    <test started-at="2023-12-19T12:52:27 IST" name="Default test" finished-at="2023-12-19T12:52:27 IST" duration-ms="68">
      <class name="shopperstack.logintest.DemoTest">
        <test-method signature="demo()[pri:0, instance:shopperstack.logintest.DemoTest@3e11f9e9]" started-at="2023-12-19T12:52:27 IST" name="demo" finished-at="2023-12-19T12:52:27 IST" duration-ms="12" status="PASS">
          <reporter-output>
            <line>
              <![CDATA[Demo Executing]]>
            </line>
          </reporter-output>
        </test-method> <!-- demo -->
      </class> <!-- shopperstack.logintest.DemoTest -->
    </test> <!-- Default test -->
  </suite> <!-- Default suite -->
</testng-results>
